{"C:\\Users\\Alexey\\Desktop\\Программирование\\Курсы\\React\\React_and_TS_book\\src\\App.tsx": {"path":"C:\\Users\\Alexey\\Desktop\\Программирование\\Курсы\\React\\React_and_TS_book\\src\\App.tsx","statementMap":{"0":{"start":{"line":8,"column":36},"end":{"line":8,"column":66}},"1":{"start":{"line":11,"column":28},"end":{"line":11,"column":74}},"2":{"start":{"line":11,"column":57},"end":{"line":11,"column":73}},"3":{"start":{"line":12,"column":4},"end":{"line":16,"column":5}},"4":{"start":{"line":13,"column":6},"end":{"line":13,"column":39}},"5":{"start":{"line":15,"column":6},"end":{"line":15,"column":25}},"6":{"start":{"line":19,"column":2},"end":{"line":52,"column":4}}},"fnMap":{"0":{"name":"App","decl":{"start":{"line":7,"column":9},"end":{"line":7,"column":12}},"loc":{"start":{"line":7,"column":15},"end":{"line":53,"column":1}},"line":7},"1":{"name":"handleCheckedIdsChange","decl":{"start":{"line":10,"column":11},"end":{"line":10,"column":33}},"loc":{"start":{"line":10,"column":60},"end":{"line":17,"column":3}},"line":10},"2":{"name":"(anonymous_2)","decl":{"start":{"line":11,"column":49},"end":{"line":11,"column":50}},"loc":{"start":{"line":11,"column":57},"end":{"line":11,"column":73}},"line":11}},"branchMap":{"0":{"loc":{"start":{"line":12,"column":4},"end":{"line":16,"column":5}},"type":"if","locations":[{"start":{"line":12,"column":4},"end":{"line":16,"column":5}},{"start":{"line":14,"column":11},"end":{"line":16,"column":5}}],"line":12},"1":{"loc":{"start":{"line":35,"column":20},"end":{"line":35,"column":57}},"type":"cond-expr","locations":[{"start":{"line":35,"column":41},"end":{"line":35,"column":43}},{"start":{"line":35,"column":46},"end":{"line":35,"column":57}}],"line":35}},"s":{"0":0,"1":0,"2":0,"3":0,"4":0,"5":0,"6":0},"f":{"0":0,"1":0,"2":0},"b":{"0":[0,0],"1":[0,0]}}
,"C:\\Users\\Alexey\\Desktop\\Программирование\\Курсы\\React\\React_and_TS_book\\src\\index.tsx": {"path":"C:\\Users\\Alexey\\Desktop\\Программирование\\Курсы\\React\\React_and_TS_book\\src\\index.tsx","statementMap":{"0":{"start":{"line":4,"column":0},"end":{"line":4,"column":70}}},"fnMap":{},"branchMap":{},"s":{"0":0},"f":{},"b":{}}
,"C:\\Users\\Alexey\\Desktop\\Программирование\\Курсы\\React\\React_and_TS_book\\src\\hooks\\PersonScore.tsx": {"path":"C:\\Users\\Alexey\\Desktop\\Программирование\\Курсы\\React\\React_and_TS_book\\src\\hooks\\PersonScore.tsx","statementMap":{"0":{"start":{"line":30,"column":23},"end":{"line":30,"column":54}},"1":{"start":{"line":32,"column":18},"end":{"line":43,"column":3}},"2":{"start":{"line":33,"column":4},"end":{"line":42,"column":5}},"3":{"start":{"line":35,"column":8},"end":{"line":35,"column":63}},"4":{"start":{"line":37,"column":8},"end":{"line":37,"column":52}},"5":{"start":{"line":39,"column":8},"end":{"line":39,"column":52}},"6":{"start":{"line":41,"column":8},"end":{"line":41,"column":38}},"7":{"start":{"line":46,"column":47},"end":{"line":50,"column":4}},"8":{"start":{"line":52,"column":2},"end":{"line":60,"column":9}},"9":{"start":{"line":57,"column":4},"end":{"line":59,"column":7}},"10":{"start":{"line":58,"column":6},"end":{"line":58,"column":58}},"11":{"start":{"line":62,"column":2},"end":{"line":66,"column":16}},"12":{"start":{"line":63,"column":4},"end":{"line":65,"column":5}},"13":{"start":{"line":64,"column":6},"end":{"line":64,"column":36}},"14":{"start":{"line":68,"column":22},"end":{"line":70,"column":8}},"15":{"start":{"line":69,"column":4},"end":{"line":69,"column":32}},"16":{"start":{"line":72,"column":30},"end":{"line":79,"column":3}},"17":{"start":{"line":73,"column":4},"end":{"line":73,"column":39}},"18":{"start":{"line":74,"column":14},"end":{"line":74,"column":15}},"19":{"start":{"line":75,"column":4},"end":{"line":77,"column":5}},"20":{"start":{"line":75,"column":17},"end":{"line":75,"column":18}},"21":{"start":{"line":76,"column":6},"end":{"line":76,"column":15}},"22":{"start":{"line":78,"column":4},"end":{"line":78,"column":15}},"23":{"start":{"line":81,"column":36},"end":{"line":81,"column":76}},"24":{"start":{"line":81,"column":50},"end":{"line":81,"column":71}},"25":{"start":{"line":83,"column":2},"end":{"line":85,"column":3}},"26":{"start":{"line":84,"column":4},"end":{"line":84,"column":34}},"27":{"start":{"line":87,"column":2},"end":{"line":108,"column":4}},"28":{"start":{"line":100,"column":48},"end":{"line":100,"column":79}},"29":{"start":{"line":103,"column":29},"end":{"line":103,"column":60}}},"fnMap":{"0":{"name":"PersonScore","decl":{"start":{"line":26,"column":16},"end":{"line":26,"column":27}},"loc":{"start":{"line":26,"column":30},"end":{"line":109,"column":1}},"line":26},"1":{"name":"(anonymous_1)","decl":{"start":{"line":32,"column":18},"end":{"line":32,"column":19}},"loc":{"start":{"line":32,"column":59},"end":{"line":43,"column":3}},"line":32},"2":{"name":"(anonymous_2)","decl":{"start":{"line":52,"column":12},"end":{"line":52,"column":13}},"loc":{"start":{"line":52,"column":18},"end":{"line":60,"column":3}},"line":52},"3":{"name":"(anonymous_3)","decl":{"start":{"line":57,"column":21},"end":{"line":57,"column":22}},"loc":{"start":{"line":57,"column":33},"end":{"line":59,"column":5}},"line":57},"4":{"name":"(anonymous_4)","decl":{"start":{"line":62,"column":12},"end":{"line":62,"column":13}},"loc":{"start":{"line":62,"column":18},"end":{"line":66,"column":3}},"line":62},"5":{"name":"(anonymous_5)","decl":{"start":{"line":68,"column":34},"end":{"line":68,"column":35}},"loc":{"start":{"line":68,"column":40},"end":{"line":70,"column":3}},"line":68},"6":{"name":"(anonymous_6)","decl":{"start":{"line":72,"column":30},"end":{"line":72,"column":31}},"loc":{"start":{"line":72,"column":36},"end":{"line":79,"column":3}},"line":72},"7":{"name":"(anonymous_7)","decl":{"start":{"line":81,"column":44},"end":{"line":81,"column":45}},"loc":{"start":{"line":81,"column":50},"end":{"line":81,"column":71}},"line":81},"8":{"name":"(anonymous_8)","decl":{"start":{"line":100,"column":42},"end":{"line":100,"column":43}},"loc":{"start":{"line":100,"column":48},"end":{"line":100,"column":79}},"line":100},"9":{"name":"(anonymous_9)","decl":{"start":{"line":103,"column":23},"end":{"line":103,"column":24}},"loc":{"start":{"line":103,"column":29},"end":{"line":103,"column":60}},"line":103}},"branchMap":{"0":{"loc":{"start":{"line":33,"column":4},"end":{"line":42,"column":5}},"type":"switch","locations":[{"start":{"line":34,"column":6},"end":{"line":35,"column":63}},{"start":{"line":36,"column":6},"end":{"line":37,"column":52}},{"start":{"line":38,"column":6},"end":{"line":39,"column":52}},{"start":{"line":40,"column":6},"end":{"line":41,"column":38}}],"line":33},"1":{"loc":{"start":{"line":63,"column":4},"end":{"line":65,"column":5}},"type":"if","locations":[{"start":{"line":63,"column":4},"end":{"line":65,"column":5}},{"start":{},"end":{}}],"line":63},"2":{"loc":{"start":{"line":83,"column":2},"end":{"line":85,"column":3}},"type":"if","locations":[{"start":{"line":83,"column":2},"end":{"line":85,"column":3}},{"start":{},"end":{}}],"line":83}},"s":{"0":0,"1":0,"2":0,"3":0,"4":0,"5":0,"6":0,"7":0,"8":0,"9":0,"10":0,"11":0,"12":0,"13":0,"14":0,"15":0,"16":0,"17":0,"18":0,"19":0,"20":0,"21":0,"22":0,"23":0,"24":0,"25":0,"26":0,"27":0,"28":0,"29":0},"f":{"0":0,"1":0,"2":0,"3":0,"4":0,"5":0,"6":0,"7":0,"8":0,"9":0},"b":{"0":[0,0,0,0],"1":[0,0],"2":[0,0]}}
,"C:\\Users\\Alexey\\Desktop\\Программирование\\Курсы\\React\\React_and_TS_book\\src\\hooks\\ResetButton.tsx": {"path":"C:\\Users\\Alexey\\Desktop\\Программирование\\Курсы\\React\\React_and_TS_book\\src\\hooks\\ResetButton.tsx","statementMap":{"0":{"start":{"line":7,"column":20},"end":{"line":10,"column":2}},"1":{"start":{"line":8,"column":2},"end":{"line":8,"column":38}},"2":{"start":{"line":9,"column":2},"end":{"line":9,"column":50}}},"fnMap":{"0":{"name":"(anonymous_0)","decl":{"start":{"line":7,"column":25},"end":{"line":7,"column":26}},"loc":{"start":{"line":7,"column":59},"end":{"line":10,"column":1}},"line":7}},"branchMap":{},"s":{"0":0,"1":0,"2":0},"f":{"0":0},"b":{}}
,"C:\\Users\\Alexey\\Desktop\\Программирование\\Курсы\\React\\React_and_TS_book\\src\\hooks\\getPerson.tsx": {"path":"C:\\Users\\Alexey\\Desktop\\Программирование\\Курсы\\React\\React_and_TS_book\\src\\hooks\\getPerson.tsx","statementMap":{"0":{"start":{"line":5,"column":2},"end":{"line":5,"column":84}},"1":{"start":{"line":5,"column":34},"end":{"line":5,"column":82}},"2":{"start":{"line":5,"column":51},"end":{"line":5,"column":75}}},"fnMap":{"0":{"name":"getPerson","decl":{"start":{"line":4,"column":16},"end":{"line":4,"column":25}},"loc":{"start":{"line":4,"column":45},"end":{"line":6,"column":1}},"line":4},"1":{"name":"(anonymous_1)","decl":{"start":{"line":5,"column":21},"end":{"line":5,"column":22}},"loc":{"start":{"line":5,"column":34},"end":{"line":5,"column":82}},"line":5},"2":{"name":"(anonymous_2)","decl":{"start":{"line":5,"column":45},"end":{"line":5,"column":46}},"loc":{"start":{"line":5,"column":51},"end":{"line":5,"column":75}},"line":5}},"branchMap":{},"s":{"0":0,"1":0,"2":0},"f":{"0":0,"1":0,"2":0},"b":{}}
,"C:\\Users\\Alexey\\Desktop\\Программирование\\Курсы\\React\\React_and_TS_book\\src\\reusableComponents\\Checklist\\Checklist.tsx": {"path":"C:\\Users\\Alexey\\Desktop\\Программирование\\Курсы\\React\\React_and_TS_book\\src\\reusableComponents\\Checklist\\Checklist.tsx","statementMap":{"0":{"start":{"line":19,"column":25},"end":{"line":78,"column":1}},"1":{"start":{"line":29,"column":52},"end":{"line":32,"column":4}},"2":{"start":{"line":34,"column":2},"end":{"line":77,"column":4}},"3":{"start":{"line":37,"column":8},"end":{"line":40,"column":9}},"4":{"start":{"line":39,"column":10},"end":{"line":39,"column":34}},"5":{"start":{"line":42,"column":24},"end":{"line":42,"column":43}},"6":{"start":{"line":44,"column":8},"end":{"line":46,"column":9}},"7":{"start":{"line":45,"column":10},"end":{"line":45,"column":22}},"8":{"start":{"line":47,"column":28},"end":{"line":47,"column":52}},"9":{"start":{"line":48,"column":8},"end":{"line":50,"column":9}},"10":{"start":{"line":49,"column":10},"end":{"line":49,"column":22}},"11":{"start":{"line":51,"column":30},"end":{"line":51,"column":56}},"12":{"start":{"line":53,"column":8},"end":{"line":74,"column":10}}},"fnMap":{"0":{"name":"(anonymous_0)","decl":{"start":{"line":19,"column":25},"end":{"line":19,"column":26}},"loc":{"start":{"line":28,"column":19},"end":{"line":78,"column":1}},"line":28},"1":{"name":"(anonymous_1)","decl":{"start":{"line":36,"column":16},"end":{"line":36,"column":17}},"loc":{"start":{"line":36,"column":26},"end":{"line":75,"column":7}},"line":36}},"branchMap":{"0":{"loc":{"start":{"line":37,"column":8},"end":{"line":40,"column":9}},"type":"if","locations":[{"start":{"line":37,"column":8},"end":{"line":40,"column":9}},{"start":{},"end":{}}],"line":37},"1":{"loc":{"start":{"line":44,"column":8},"end":{"line":46,"column":9}},"type":"if","locations":[{"start":{"line":44,"column":8},"end":{"line":46,"column":9}},{"start":{},"end":{}}],"line":44},"2":{"loc":{"start":{"line":44,"column":12},"end":{"line":44,"column":70}},"type":"binary-expr","locations":[{"start":{"line":44,"column":12},"end":{"line":44,"column":39}},{"start":{"line":44,"column":43},"end":{"line":44,"column":70}}],"line":44},"3":{"loc":{"start":{"line":48,"column":8},"end":{"line":50,"column":9}},"type":"if","locations":[{"start":{"line":48,"column":8},"end":{"line":50,"column":9}},{"start":{},"end":{}}],"line":48},"4":{"loc":{"start":{"line":68,"column":17},"end":{"line":70,"column":17}},"type":"binary-expr","locations":[{"start":{"line":68,"column":17},"end":{"line":68,"column":50}},{"start":{"line":69,"column":18},"end":{"line":69,"column":78}}],"line":68}},"s":{"0":1,"1":7,"2":7,"3":7,"4":1,"5":6,"6":6,"7":0,"8":6,"9":6,"10":0,"11":6,"12":6},"f":{"0":7,"1":7},"b":{"0":[1,6],"1":[0,6],"2":[6,6],"3":[0,6],"4":[6,6]},"_coverageSchema":"1a1c01bbd47fc00a2c39e90264f33305004495a9","hash":"e33cc55f32155c735bb8b1a4d676573d68b21825"}
,"C:\\Users\\Alexey\\Desktop\\Программирование\\Курсы\\React\\React_and_TS_book\\src\\reusableComponents\\Checklist\\assertValueCanBeRendered.ts": {"path":"C:\\Users\\Alexey\\Desktop\\Программирование\\Курсы\\React\\React_and_TS_book\\src\\reusableComponents\\Checklist\\assertValueCanBeRendered.ts","statementMap":{"0":{"start":{"line":4,"column":2},"end":{"line":6,"column":3}},"1":{"start":{"line":5,"column":4},"end":{"line":5,"column":57}}},"fnMap":{"0":{"name":"assertValueCanBeRendered","decl":{"start":{"line":3,"column":16},"end":{"line":3,"column":40}},"loc":{"start":{"line":3,"column":83},"end":{"line":7,"column":1}},"line":3}},"branchMap":{"0":{"loc":{"start":{"line":4,"column":2},"end":{"line":6,"column":3}},"type":"if","locations":[{"start":{"line":4,"column":2},"end":{"line":6,"column":3}},{"start":{},"end":{}}],"line":4},"1":{"loc":{"start":{"line":4,"column":6},"end":{"line":4,"column":60}},"type":"binary-expr","locations":[{"start":{"line":4,"column":6},"end":{"line":4,"column":31}},{"start":{"line":4,"column":35},"end":{"line":4,"column":60}}],"line":4}},"s":{"0":3,"1":1},"f":{"0":3},"b":{"0":[1,2],"1":[3,2]},"_coverageSchema":"1a1c01bbd47fc00a2c39e90264f33305004495a9","hash":"37a70b773369b757b4e808a410f2c3ac549f06fa"}
,"C:\\Users\\Alexey\\Desktop\\Программирование\\Курсы\\React\\React_and_TS_book\\src\\reusableComponents\\Checklist\\isChecked.ts": {"path":"C:\\Users\\Alexey\\Desktop\\Программирование\\Курсы\\React\\React_and_TS_book\\src\\reusableComponents\\Checklist\\isChecked.ts","statementMap":{"0":{"start":{"line":4,"column":2},"end":{"line":4,"column":38}}},"fnMap":{"0":{"name":"isChecked","decl":{"start":{"line":3,"column":16},"end":{"line":3,"column":25}},"loc":{"start":{"line":3,"column":67},"end":{"line":5,"column":1}},"line":3}},"branchMap":{},"s":{"0":2},"f":{"0":2},"b":{},"_coverageSchema":"1a1c01bbd47fc00a2c39e90264f33305004495a9","hash":"da7132903bbf973a27e761d824b1b0ae9db15b1c"}
,"C:\\Users\\Alexey\\Desktop\\Программирование\\Курсы\\React\\React_and_TS_book\\src\\reusableComponents\\Checklist\\types.ts": {"path":"C:\\Users\\Alexey\\Desktop\\Программирование\\Курсы\\React\\React_and_TS_book\\src\\reusableComponents\\Checklist\\types.ts","statementMap":{},"fnMap":{},"branchMap":{},"s":{},"f":{},"b":{}}
,"C:\\Users\\Alexey\\Desktop\\Программирование\\Курсы\\React\\React_and_TS_book\\src\\reusableComponents\\Checklist\\useCheckChange.ts": {"path":"C:\\Users\\Alexey\\Desktop\\Программирование\\Курсы\\React\\React_and_TS_book\\src\\reusableComponents\\Checklist\\useCheckChange.ts","statementMap":{"0":{"start":{"line":9,"column":30},"end":{"line":36,"column":1}},"1":{"start":{"line":10,"column":54},"end":{"line":12,"column":3}},"2":{"start":{"line":14,"column":2},"end":{"line":19,"column":19}},"3":{"start":{"line":15,"column":25},"end":{"line":15,"column":49}},"4":{"start":{"line":16,"column":4},"end":{"line":18,"column":5}},"5":{"start":{"line":17,"column":6},"end":{"line":17,"column":40}},"6":{"start":{"line":23,"column":28},"end":{"line":33,"column":3}},"7":{"start":{"line":23,"column":52},"end":{"line":33,"column":3}},"8":{"start":{"line":24,"column":22},"end":{"line":24,"column":60}},"9":{"start":{"line":25,"column":24},"end":{"line":27,"column":44}},"10":{"start":{"line":26,"column":53},"end":{"line":26,"column":80}},"11":{"start":{"line":28,"column":4},"end":{"line":32,"column":5}},"12":{"start":{"line":29,"column":6},"end":{"line":29,"column":40}},"13":{"start":{"line":31,"column":6},"end":{"line":31,"column":43}},"14":{"start":{"line":35,"column":2},"end":{"line":35,"column":51}}},"fnMap":{"0":{"name":"(anonymous_0)","decl":{"start":{"line":9,"column":30},"end":{"line":9,"column":31}},"loc":{"start":{"line":9,"column":78},"end":{"line":36,"column":1}},"line":9},"1":{"name":"(anonymous_1)","decl":{"start":{"line":14,"column":12},"end":{"line":14,"column":13}},"loc":{"start":{"line":14,"column":18},"end":{"line":19,"column":3}},"line":14},"2":{"name":"(anonymous_2)","decl":{"start":{"line":23,"column":28},"end":{"line":23,"column":29}},"loc":{"start":{"line":23,"column":52},"end":{"line":33,"column":3}},"line":23},"3":{"name":"(anonymous_3)","decl":{"start":{"line":23,"column":52},"end":{"line":23,"column":53}},"loc":{"start":{"line":23,"column":58},"end":{"line":33,"column":3}},"line":23},"4":{"name":"(anonymous_4)","decl":{"start":{"line":26,"column":34},"end":{"line":26,"column":35}},"loc":{"start":{"line":26,"column":53},"end":{"line":26,"column":80}},"line":26}},"branchMap":{"0":{"loc":{"start":{"line":11,"column":4},"end":{"line":11,"column":20}},"type":"binary-expr","locations":[{"start":{"line":11,"column":4},"end":{"line":11,"column":14}},{"start":{"line":11,"column":18},"end":{"line":11,"column":20}}],"line":11},"1":{"loc":{"start":{"line":16,"column":4},"end":{"line":18,"column":5}},"type":"if","locations":[{"start":{"line":16,"column":4},"end":{"line":18,"column":5}},{"start":{},"end":{}}],"line":16},"2":{"loc":{"start":{"line":25,"column":24},"end":{"line":27,"column":44}},"type":"cond-expr","locations":[{"start":{"line":26,"column":8},"end":{"line":26,"column":81}},{"start":{"line":27,"column":8},"end":{"line":27,"column":44}}],"line":25},"3":{"loc":{"start":{"line":28,"column":4},"end":{"line":32,"column":5}},"type":"if","locations":[{"start":{"line":28,"column":4},"end":{"line":32,"column":5}},{"start":{"line":30,"column":11},"end":{"line":32,"column":5}}],"line":28}},"s":{"0":1,"1":7,"2":7,"3":5,"4":5,"5":2,"6":7,"7":6,"8":2,"9":2,"10":1,"11":2,"12":1,"13":1,"14":7},"f":{"0":7,"1":5,"2":6,"3":2,"4":1},"b":{"0":[7,3],"1":[2,3],"2":[1,1],"3":[1,1]},"_coverageSchema":"1a1c01bbd47fc00a2c39e90264f33305004495a9","hash":"74fb6173f58d07d4200cf3d8eba0fb1b6e3ec0b0"}
}
