TN:
SF:src\App.tsx
FN:7,App
FN:10,handleCheckedIdsChange
FN:11,(anonymous_2)
FNF:3
FNH:0
FNDA:0,App
FNDA:0,handleCheckedIdsChange
FNDA:0,(anonymous_2)
DA:8,0
DA:11,0
DA:12,0
DA:13,0
DA:15,0
DA:19,0
LF:6
LH:0
BRDA:12,0,0,0
BRDA:12,0,1,0
BRDA:35,1,0,0
BRDA:35,1,1,0
BRF:4
BRH:0
end_of_record
TN:
SF:src\index.tsx
FNF:0
FNH:0
DA:4,0
LF:1
LH:0
BRF:0
BRH:0
end_of_record
TN:
SF:src\hooks\PersonScore.tsx
FN:26,PersonScore
FN:32,(anonymous_1)
FN:52,(anonymous_2)
FN:57,(anonymous_3)
FN:62,(anonymous_4)
FN:68,(anonymous_5)
FN:72,(anonymous_6)
FN:81,(anonymous_7)
FN:100,(anonymous_8)
FN:103,(anonymous_9)
FNF:10
FNH:0
FNDA:0,PersonScore
FNDA:0,(anonymous_1)
FNDA:0,(anonymous_2)
FNDA:0,(anonymous_3)
FNDA:0,(anonymous_4)
FNDA:0,(anonymous_5)
FNDA:0,(anonymous_6)
FNDA:0,(anonymous_7)
FNDA:0,(anonymous_8)
FNDA:0,(anonymous_9)
DA:30,0
DA:32,0
DA:33,0
DA:35,0
DA:37,0
DA:39,0
DA:41,0
DA:46,0
DA:52,0
DA:57,0
DA:58,0
DA:62,0
DA:63,0
DA:64,0
DA:68,0
DA:69,0
DA:72,0
DA:73,0
DA:74,0
DA:75,0
DA:76,0
DA:78,0
DA:81,0
DA:83,0
DA:84,0
DA:87,0
DA:100,0
DA:103,0
LF:28
LH:0
BRDA:33,0,0,0
BRDA:33,0,1,0
BRDA:33,0,2,0
BRDA:33,0,3,0
BRDA:63,1,0,0
BRDA:63,1,1,0
BRDA:83,2,0,0
BRDA:83,2,1,0
BRF:8
BRH:0
end_of_record
TN:
SF:src\hooks\ResetButton.tsx
FN:7,(anonymous_0)
FNF:1
FNH:0
FNDA:0,(anonymous_0)
DA:7,0
DA:8,0
DA:9,0
LF:3
LH:0
BRF:0
BRH:0
end_of_record
TN:
SF:src\hooks\getPerson.tsx
FN:4,getPerson
FN:5,(anonymous_1)
FN:5,(anonymous_2)
FNF:3
FNH:0
FNDA:0,getPerson
FNDA:0,(anonymous_1)
FNDA:0,(anonymous_2)
DA:5,0
LF:1
LH:0
BRF:0
BRH:0
end_of_record
TN:
SF:src\reusableComponents\Checklist\Checklist.tsx
FN:19,(anonymous_0)
FN:36,(anonymous_1)
FNF:2
FNH:2
FNDA:7,(anonymous_0)
FNDA:7,(anonymous_1)
DA:19,1
DA:29,7
DA:34,7
DA:37,7
DA:39,1
DA:42,6
DA:44,6
DA:45,0
DA:47,6
DA:48,6
DA:49,0
DA:51,6
DA:53,6
LF:13
LH:11
BRDA:37,0,0,1
BRDA:37,0,1,6
BRDA:44,1,0,0
BRDA:44,1,1,6
BRDA:44,2,0,6
BRDA:44,2,1,6
BRDA:48,3,0,0
BRDA:48,3,1,6
BRDA:68,4,0,6
BRDA:68,4,1,6
BRF:10
BRH:8
end_of_record
TN:
SF:src\reusableComponents\Checklist\assertValueCanBeRendered.ts
FN:3,assertValueCanBeRendered
FNF:1
FNH:1
FNDA:3,assertValueCanBeRendered
DA:4,3
DA:5,1
LF:2
LH:2
BRDA:4,0,0,1
BRDA:4,0,1,2
BRDA:4,1,0,3
BRDA:4,1,1,2
BRF:4
BRH:4
end_of_record
TN:
SF:src\reusableComponents\Checklist\isChecked.ts
FN:3,isChecked
FNF:1
FNH:1
FNDA:2,isChecked
DA:4,2
LF:1
LH:1
BRF:0
BRH:0
end_of_record
TN:
SF:src\reusableComponents\Checklist\types.ts
FNF:0
FNH:0
LF:0
LH:0
BRF:0
BRH:0
end_of_record
TN:
SF:src\reusableComponents\Checklist\useCheckChange.ts
FN:9,(anonymous_0)
FN:14,(anonymous_1)
FN:23,(anonymous_2)
FN:23,(anonymous_3)
FN:26,(anonymous_4)
FNF:5
FNH:5
FNDA:7,(anonymous_0)
FNDA:5,(anonymous_1)
FNDA:6,(anonymous_2)
FNDA:2,(anonymous_3)
FNDA:1,(anonymous_4)
DA:9,1
DA:10,7
DA:14,7
DA:15,5
DA:16,5
DA:17,2
DA:23,7
DA:24,2
DA:25,2
DA:26,1
DA:28,2
DA:29,1
DA:31,1
DA:35,7
LF:14
LH:14
BRDA:11,0,0,7
BRDA:11,0,1,3
BRDA:16,1,0,2
BRDA:16,1,1,3
BRDA:25,2,0,1
BRDA:25,2,1,1
BRDA:28,3,0,1
BRDA:28,3,1,1
BRF:8
BRH:8
end_of_record
